

PRESENCE - Presence/Absence-Site Occupancy data analysis
Mon Nov 02 10:46:56 2020,       Version 2.13.6.
- - - - - - - - - - - - - - - - - - - - - - - - - - - - -
==>realbetavc
==>maxfn=32000
==>name=psi(dc)p()
==>quiet
varcov: nsig=6 eps=1.000000e-02




********* Input Data summary *******
Number of sites                = 252
Number of sampling occasions   = 19
Number of states               = 2
Number of missing observations = 4445
Data checksum = 55581

NSiteCovs-->2
site_covname[0]=psi.int
site_covname[1]=psi.dc1
NSampCovs-->1
samp_covname[0]=p.int
Primary periods=1 Secondary periods: 19
- - - - - - - - - - - - - - - - - - - - - - - - - - - - -
 Covariates
- - - - - - - - - - - - - - - - - - - - - - - - - - - - -
N=252 T=19 Groups=1 bootstraps=0

Matrix 1: rows=2, cols=3
            -,a1,a2
psi            1  psi.dc1

Matrix 2: rows=20, cols=2
            -,b1
p1             1
p2             1
p3             1
p4             1
p5             1
p6             1
p7             1
p8             1
p9             1
p10            1
p11            1
p12            1
p13            1
p14            1
p15            1
p16            1
p17            1
p18            1
p19            1

Matrix 3: rows=0, cols=0

Matrix 4: rows=0, cols=0

Matrix 5: rows=0, cols=0

Matrix 6: rows=0, cols=0
Naive occupancy estimate       = 0.4840


modtype=1

Custom Model: psi(dc)p()

attempt 0/0 (iv= 0.0000  0.0000  0.0000...), -2loglike= 447.2127,  optmiz time:0.0 min.
0 random initial value vectors attempted:
Initial values:
    0.0000    0.0000    0.0000    0.0000

Number of parameters           = 3
Number of function calls           = 79
-2log(likelihood)              = 447.2127
AIC                            = 453.2127

Optimization results:
  optmiz time: 0.0 min
  threads: 1
  Completion-code: 0
  Iterations: 79
  Significant digits: 7.73


Model has been fit using the logistic link.


Untransformed Estimates of coefficients for covariates (Beta's)
======================================================================
                                          estimate    std.error
A1   psi                              :   1.026501    0.331616
A2   psi.psi.dc1                      :  -1.199765    0.400365
B1   p1                               :   0.857643    0.234577

Variance-Covariance Matrix of Untransformed estimates (Beta's):
              A1         A2         B1  
     A1    0.109969  -0.085334  -0.049947
     A2   -0.085334   0.160292   0.022814
     B1   -0.049947   0.022814   0.055026
------------------------------

============================================================

   Individual Site estimates of <psi>
                Site               estimate  Std.err   95% conf. interval
psi             1 unit1           :  0.4568   0.0783     0.3118 -  0.6095
psi             2 unit2           :  0.7362   0.0644     0.5930 -  0.8424
psi             3 unit3           :  0.7362   0.0644     0.5930 -  0.8424
psi             4 unit4           :  0.4568   0.0783     0.3118 -  0.6095
psi             5 unit5           :  0.4568   0.0783     0.3118 -  0.6095
psi             6 unit6           :  0.4568   0.0783     0.3118 -  0.6095
psi             7 unit7           :  0.7362   0.0644     0.5930 -  0.8424
psi             8 unit8           :  0.4568   0.0783     0.3118 -  0.6095
psi             9 unit9           :  0.7362   0.0644     0.5930 -  0.8424
psi            10 unit10          :  0.7362   0.0644     0.5930 -  0.8424
psi            11 unit11          :  0.7362   0.0644     0.5930 -  0.8424
psi            12 unit12          :  0.7362   0.0644     0.5930 -  0.8424
psi            13 unit13          :  0.7362   0.0644     0.5930 -  0.8424
psi            14 unit14          :  0.7362   0.0644     0.5930 -  0.8424
psi            15 unit15          :  0.7362   0.0644     0.5930 -  0.8424
psi            16 unit16          :  0.7362   0.0644     0.5930 -  0.8424
psi            17 unit17          :  0.7362   0.0644     0.5930 -  0.8424
psi            18 unit18          :  0.7362   0.0644     0.5930 -  0.8424
psi            19 unit19          :  0.7362   0.0644     0.5930 -  0.8424
psi            20 unit20          :  0.7362   0.0644     0.5930 -  0.8424
psi            21 unit21          :  0.7362   0.0644     0.5930 -  0.8424
psi            22 unit22          :  0.7362   0.0644     0.5930 -  0.8424
psi            23 unit23          :  0.7362   0.0644     0.5930 -  0.8424
psi            24 unit24          :  0.7362   0.0644     0.5930 -  0.8424
psi            25 unit25          :  0.7362   0.0644     0.5930 -  0.8424
psi            26 unit26          :  0.7362   0.0644     0.5930 -  0.8424
psi            27 unit27          :  0.7362   0.0644     0.5930 -  0.8424
psi            28 unit28          :  0.7362   0.0644     0.5930 -  0.8424
psi            29 unit29          :  0.4568   0.0783     0.3118 -  0.6095
psi            30 unit30          :  0.7362   0.0644     0.5930 -  0.8424
psi            31 unit31          :  0.4568   0.0783     0.3118 -  0.6095
psi            32 unit32          :  0.7362   0.0644     0.5930 -  0.8424
psi            33 unit33          :  0.4568   0.0783     0.3118 -  0.6095
psi            34 unit34          :  0.4568   0.0783     0.3118 -  0.6095
psi            35 unit35          :  0.4568   0.0783     0.3118 -  0.6095
psi            36 unit36          :  0.4568   0.0783     0.3118 -  0.6095
psi            37 unit37          :  0.7362   0.0644     0.5930 -  0.8424
psi            38 unit38          :  0.7362   0.0644     0.5930 -  0.8424
psi            39 unit39          :  0.7362   0.0644     0.5930 -  0.8424
psi            40 unit40          :  0.7362   0.0644     0.5930 -  0.8424
psi            41 unit41          :  0.7362   0.0644     0.5930 -  0.8424
psi            42 unit42          :  0.4568   0.0783     0.3118 -  0.6095
psi            43 unit43          :  0.4568   0.0783     0.3118 -  0.6095
psi            44 unit44          :  0.7362   0.0644     0.5930 -  0.8424
psi            45 unit45          :  0.7362   0.0644     0.5930 -  0.8424
psi            46 unit46          :  0.7362   0.0644     0.5930 -  0.8424
psi            47 unit47          :  0.4568   0.0783     0.3118 -  0.6095
psi            48 unit48          :  0.7362   0.0644     0.5930 -  0.8424
psi            49 unit49          :  0.7362   0.0644     0.5930 -  0.8424
psi            50 unit50          :  0.4568   0.0783     0.3118 -  0.6095
psi            51 unit51          :  0.7362   0.0644     0.5930 -  0.8424
psi            52 unit52          :  0.7362   0.0644     0.5930 -  0.8424
psi            53 unit53          :  0.7362   0.0644     0.5930 -  0.8424
psi            54 unit54          :  0.7362   0.0644     0.5930 -  0.8424
psi            55 unit55          :  0.4568   0.0783     0.3118 -  0.6095
psi            56 unit56          :  0.4568   0.0783     0.3118 -  0.6095
psi            57 unit57          :  0.7362   0.0644     0.5930 -  0.8424
psi            58 unit58          :  0.4568   0.0783     0.3118 -  0.6095
psi            59 unit59          :  0.7362   0.0644     0.5930 -  0.8424
psi            60 unit60          :  0.7362   0.0644     0.5930 -  0.8424
psi            61 unit61          :  0.7362   0.0644     0.5930 -  0.8424
psi            62 unit62          :  0.7362   0.0644     0.5930 -  0.8424
psi            63 unit63          :  0.7362   0.0644     0.5930 -  0.8424
psi            64 unit64          :  0.4568   0.0783     0.3118 -  0.6095
psi            65 unit65          :  0.4568   0.0783     0.3118 -  0.6095
psi            66 unit66          :  0.4568   0.0783     0.3118 -  0.6095
psi            67 unit67          :  0.7362   0.0644     0.5930 -  0.8424
psi            68 unit68          :  0.7362   0.0644     0.5930 -  0.8424
psi            69 unit69          :  0.7362   0.0644     0.5930 -  0.8424
psi            70 unit70          :  0.7362   0.0644     0.5930 -  0.8424
psi            71 unit71          :  0.7362   0.0644     0.5930 -  0.8424
psi            72 unit72          :  0.7362   0.0644     0.5930 -  0.8424
psi            73 unit73          :  0.7362   0.0644     0.5930 -  0.8424
psi            74 unit74          :  0.7362   0.0644     0.5930 -  0.8424
psi            75 unit75          :  0.7362   0.0644     0.5930 -  0.8424
psi            76 unit76          :  0.7362   0.0644     0.5930 -  0.8424
psi            77 unit77          :  0.7362   0.0644     0.5930 -  0.8424
psi            78 unit78          :  0.7362   0.0644     0.5930 -  0.8424
psi            79 unit79          :  0.7362   0.0644     0.5930 -  0.8424
psi            80 unit80          :  0.7362   0.0644     0.5930 -  0.8424
psi            81 unit81          :  0.7362   0.0644     0.5930 -  0.8424
psi            82 unit82          :  0.7362   0.0644     0.5930 -  0.8424
psi            83 unit83          :  0.7362   0.0644     0.5930 -  0.8424
psi            84 unit84          :  0.7362   0.0644     0.5930 -  0.8424
psi            85 unit85          :  0.7362   0.0644     0.5930 -  0.8424
psi            86 unit86          :  0.7362   0.0644     0.5930 -  0.8424
psi            87 unit87          :  0.7362   0.0644     0.5930 -  0.8424
psi            88 unit88          :  0.7362   0.0644     0.5930 -  0.8424
psi            89 unit89          :  0.7362   0.0644     0.5930 -  0.8424
psi            90 unit90          :  0.4568   0.0783     0.3118 -  0.6095
psi            91 unit91          :  0.4568   0.0783     0.3118 -  0.6095
psi            92 unit92          :  0.7362   0.0644     0.5930 -  0.8424
psi            93 unit93          :  0.7362   0.0644     0.5930 -  0.8424
psi            94 unit94          :  0.7362   0.0644     0.5930 -  0.8424
psi            95 unit95          :  0.7362   0.0644     0.5930 -  0.8424
psi            96 unit96          :  0.7362   0.0644     0.5930 -  0.8424
psi            97 unit97          :  0.4568   0.0783     0.3118 -  0.6095
psi            98 unit98          :  0.7362   0.0644     0.5930 -  0.8424
psi            99 unit99          :  0.4568   0.0783     0.3118 -  0.6095
psi           100 unit100         :  0.4568   0.0783     0.3118 -  0.6095
psi           101 unit101         :  0.7362   0.0644     0.5930 -  0.8424
psi           102 unit102         :  0.4568   0.0783     0.3118 -  0.6095
psi           103 unit103         :  0.7362   0.0644     0.5930 -  0.8424
psi           104 unit104         :  0.7362   0.0644     0.5930 -  0.8424
psi           105 unit105         :  0.7362   0.0644     0.5930 -  0.8424
psi           106 unit106         :  0.7362   0.0644     0.5930 -  0.8424
psi           107 unit107         :  0.7362   0.0644     0.5930 -  0.8424
psi           108 unit108         :  0.7362   0.0644     0.5930 -  0.8424
psi           109 unit109         :  0.7362   0.0644     0.5930 -  0.8424
psi           110 unit110         :  0.7362   0.0644     0.5930 -  0.8424
psi           111 unit111         :  0.7362   0.0644     0.5930 -  0.8424
psi           112 unit112         :  0.7362   0.0644     0.5930 -  0.8424
psi           113 unit113         :  0.7362   0.0644     0.5930 -  0.8424
psi           114 unit114         :  0.7362   0.0644     0.5930 -  0.8424
psi           115 unit115         :  0.4568   0.0783     0.3118 -  0.6095
psi           116 unit116         :  0.4568   0.0783     0.3118 -  0.6095
psi           117 unit117         :  0.4568   0.0783     0.3118 -  0.6095
psi           118 unit118         :  0.7362   0.0644     0.5930 -  0.8424
psi           119 unit119         :  0.7362   0.0644     0.5930 -  0.8424
psi           120 unit120         :  0.4568   0.0783     0.3118 -  0.6095
psi           121 unit121         :  0.7362   0.0644     0.5930 -  0.8424
psi           122 unit122         :  0.7362   0.0644     0.5930 -  0.8424
psi           123 unit123         :  0.4568   0.0783     0.3118 -  0.6095
psi           124 unit124         :  0.7362   0.0644     0.5930 -  0.8424
psi           125 unit125         :  0.4568   0.0783     0.3118 -  0.6095
psi           126 unit126         :  0.7362   0.0644     0.5930 -  0.8424
psi           127 unit127         :  0.7362   0.0644     0.5930 -  0.8424
psi           128 unit128         :  0.7362   0.0644     0.5930 -  0.8424
psi           129 unit129         :  0.7362   0.0644     0.5930 -  0.8424
psi           130 unit130         :  0.7362   0.0644     0.5930 -  0.8424
psi           131 unit131         :  0.7362   0.0644     0.5930 -  0.8424
psi           132 unit132         :  0.4568   0.0783     0.3118 -  0.6095
psi           133 unit133         :  0.4568   0.0783     0.3118 -  0.6095
psi           134 unit134         :  0.7362   0.0644     0.5930 -  0.8424
psi           135 unit135         :  0.7362   0.0644     0.5930 -  0.8424
psi           136 unit136         :  0.4568   0.0783     0.3118 -  0.6095
psi           137 unit137         :  0.7362   0.0644     0.5930 -  0.8424
psi           138 unit138         :  0.7362   0.0644     0.5930 -  0.8424
psi           139 unit139         :  0.7362   0.0644     0.5930 -  0.8424
psi           140 unit140         :  0.7362   0.0644     0.5930 -  0.8424
psi           141 unit141         :  0.7362   0.0644     0.5930 -  0.8424
psi           142 unit142         :  0.7362   0.0644     0.5930 -  0.8424
psi           143 unit143         :  0.7362   0.0644     0.5930 -  0.8424
psi           144 unit144         :  0.7362   0.0644     0.5930 -  0.8424
psi           145 unit145         :  0.7362   0.0644     0.5930 -  0.8424
psi           146 unit146         :  0.7362   0.0644     0.5930 -  0.8424
psi           147 unit147         :  0.7362   0.0644     0.5930 -  0.8424
psi           148 unit148         :  0.7362   0.0644     0.5930 -  0.8424
psi           149 unit149         :  0.7362   0.0644     0.5930 -  0.8424
psi           150 unit150         :  0.7362   0.0644     0.5930 -  0.8424
psi           151 unit151         :  0.7362   0.0644     0.5930 -  0.8424
psi           152 unit152         :  0.7362   0.0644     0.5930 -  0.8424
psi           153 unit153         :  0.7362   0.0644     0.5930 -  0.8424
psi           154 unit154         :  0.7362   0.0644     0.5930 -  0.8424
psi           155 unit155         :  0.4568   0.0783     0.3118 -  0.6095
psi           156 unit156         :  0.4568   0.0783     0.3118 -  0.6095
psi           157 unit157         :  0.7362   0.0644     0.5930 -  0.8424
psi           158 unit158         :  0.7362   0.0644     0.5930 -  0.8424
psi           159 unit159         :  0.4568   0.0783     0.3118 -  0.6095
psi           160 unit160         :  0.7362   0.0644     0.5930 -  0.8424
psi           161 unit161         :  0.4568   0.0783     0.3118 -  0.6095
psi           162 unit162         :  0.4568   0.0783     0.3118 -  0.6095
psi           163 unit163         :  0.7362   0.0644     0.5930 -  0.8424
psi           164 unit164         :  0.7362   0.0644     0.5930 -  0.8424
psi           165 unit165         :  0.7362   0.0644     0.5930 -  0.8424
psi           166 unit166         :  0.7362   0.0644     0.5930 -  0.8424
psi           167 unit167         :  0.7362   0.0644     0.5930 -  0.8424
psi           168 unit168         :  0.7362   0.0644     0.5930 -  0.8424
psi           169 unit169         :  0.7362   0.0644     0.5930 -  0.8424
psi           170 unit170         :  0.4568   0.0783     0.3118 -  0.6095
psi           171 unit171         :  0.7362   0.0644     0.5930 -  0.8424
psi           172 unit172         :  0.7362   0.0644     0.5930 -  0.8424
psi           173 unit173         :  0.7362   0.0644     0.5930 -  0.8424
psi           174 unit174         :  0.7362   0.0644     0.5930 -  0.8424
psi           175 unit175         :  0.4568   0.0783     0.3118 -  0.6095
psi           176 unit176         :  0.7362   0.0644     0.5930 -  0.8424
psi           177 unit177         :  0.7362   0.0644     0.5930 -  0.8424
psi           178 unit178         :  0.7362   0.0644     0.5930 -  0.8424
psi           179 unit179         :  0.7362   0.0644     0.5930 -  0.8424
psi           180 unit180         :  0.7362   0.0644     0.5930 -  0.8424
psi           181 unit181         :  0.7362   0.0644     0.5930 -  0.8424
psi           182 unit182         :  0.7362   0.0644     0.5930 -  0.8424
psi           183 unit183         :  0.7362   0.0644     0.5930 -  0.8424
psi           184 unit184         :  0.7362   0.0644     0.5930 -  0.8424
psi           185 unit185         :  0.4568   0.0783     0.3118 -  0.6095
psi           186 unit186         :  0.7362   0.0644     0.5930 -  0.8424
psi           187 unit187         :  0.7362   0.0644     0.5930 -  0.8424
psi           188 unit188         :  0.7362   0.0644     0.5930 -  0.8424
psi           189 unit189         :  0.7362   0.0644     0.5930 -  0.8424
psi           190 unit190         :  0.4568   0.0783     0.3118 -  0.6095
psi           191 unit191         :  0.7362   0.0644     0.5930 -  0.8424
psi           192 unit192         :  0.4568   0.0783     0.3118 -  0.6095
psi           193 unit193         :  0.7362   0.0644     0.5930 -  0.8424
psi           194 unit194         :  0.4568   0.0783     0.3118 -  0.6095
psi           195 unit195         :  0.4568   0.0783     0.3118 -  0.6095
psi           196 unit196         :  0.7362   0.0644     0.5930 -  0.8424
psi           197 unit197         :  0.7362   0.0644     0.5930 -  0.8424
psi           198 unit198         :  0.4568   0.0783     0.3118 -  0.6095
psi           199 unit199         :  0.7362   0.0644     0.5930 -  0.8424
psi           200 unit200         :  0.4568   0.0783     0.3118 -  0.6095
psi           201 unit201         :  0.7362   0.0644     0.5930 -  0.8424
psi           202 unit202         :  0.7362   0.0644     0.5930 -  0.8424
psi           203 unit203         :  0.4568   0.0783     0.3118 -  0.6095
psi           204 unit204         :  0.4568   0.0783     0.3118 -  0.6095
psi           205 unit205         :  0.4568   0.0783     0.3118 -  0.6095
psi           206 unit206         :  0.4568   0.0783     0.3118 -  0.6095
psi           207 unit207         :  0.4568   0.0783     0.3118 -  0.6095
psi           208 unit208         :  0.4568   0.0783     0.3118 -  0.6095
psi           209 unit209         :  0.4568   0.0783     0.3118 -  0.6095
psi           210 unit210         :  0.4568   0.0783     0.3118 -  0.6095
psi           211 unit211         :  0.4568   0.0783     0.3118 -  0.6095
psi           212 unit212         :  0.4568   0.0783     0.3118 -  0.6095
psi           213 unit213         :  0.4568   0.0783     0.3118 -  0.6095
psi           214 unit214         :  0.4568   0.0783     0.3118 -  0.6095
psi           215 unit215         :  0.4568   0.0783     0.3118 -  0.6095
psi           216 unit216         :  0.7362   0.0644     0.5930 -  0.8424
psi           217 unit217         :  0.7362   0.0644     0.5930 -  0.8424
psi           218 unit218         :  0.7362   0.0644     0.5930 -  0.8424
psi           219 unit219         :  0.7362   0.0644     0.5930 -  0.8424
psi           220 unit220         :  0.7362   0.0644     0.5930 -  0.8424
psi           221 unit221         :  0.7362   0.0644     0.5930 -  0.8424
psi           222 unit222         :  0.4568   0.0783     0.3118 -  0.6095
psi           223 unit223         :  0.7362   0.0644     0.5930 -  0.8424
psi           224 unit224         :  0.4568   0.0783     0.3118 -  0.6095
psi           225 unit225         :  0.4568   0.0783     0.3118 -  0.6095
psi           226 unit226         :  0.7362   0.0644     0.5930 -  0.8424
psi           227 unit227         :  0.4568   0.0783     0.3118 -  0.6095
psi           228 unit228         :  0.4568   0.0783     0.3118 -  0.6095
psi           229 unit229         :  0.7362   0.0644     0.5930 -  0.8424
psi           230 unit230         :  0.7362   0.0644     0.5930 -  0.8424
psi           231 unit231         :  0.7362   0.0644     0.5930 -  0.8424
psi           232 unit232         :  0.7362   0.0644     0.5930 -  0.8424
psi           233 unit233         :  0.7362   0.0644     0.5930 -  0.8424
psi           234 unit234         :  0.7362   0.0644     0.5930 -  0.8424
psi           235 unit235         :  0.7362   0.0644     0.5930 -  0.8424
psi           236 unit236         :  0.4568   0.0783     0.3118 -  0.6095
psi           237 unit237         :  0.4568   0.0783     0.3118 -  0.6095
psi           238 unit238         :  0.4568   0.0783     0.3118 -  0.6095
psi           239 unit239         :  0.7362   0.0644     0.5930 -  0.8424
psi           240 unit240         :  0.4568   0.0783     0.3118 -  0.6095
psi           241 unit241         :  0.7362   0.0644     0.5930 -  0.8424
psi           242 unit242         :  0.7362   0.0644     0.5930 -  0.8424
psi           243 unit243         :  0.7362   0.0644     0.5930 -  0.8424
psi           244 unit244         :  0.4568   0.0783     0.3118 -  0.6095
psi           245 unit245         :  0.4568   0.0783     0.3118 -  0.6095
psi           246 unit246         :  0.4568   0.0783     0.3118 -  0.6095
psi           247 unit247         :  0.4568   0.0783     0.3118 -  0.6095
psi           248 unit248         :  0.4568   0.0783     0.3118 -  0.6095
psi           249 unit249         :  0.4568   0.0783     0.3118 -  0.6095
psi           250 unit250         :  0.7362   0.0644     0.5930 -  0.8424
psi           251 unit251         :   .          .            .         -   .
psi           252 unit252         :   .          .            .         -   .

============================================================

   Individual Site estimates of <p1>
                Site               estimate  Std.err   95% conf. interval
p1              1 unit1           :  0.7022   0.0491     0.5982 -  0.7888
p2              1 unit1           :  0.7022   0.0491     0.5982 -  0.7888
p3              1 unit1           :  0.7022   0.0491     0.5982 -  0.7888
p4              1 unit1           :  0.7022   0.0491     0.5982 -  0.7888
p5              1 unit1           :  0.7022   0.0491     0.5982 -  0.7888
p6              1 unit1           :  0.7022   0.0491     0.5982 -  0.7888
p7              1 unit1           :  0.7022   0.0491     0.5982 -  0.7888
p8              1 unit1           :  0.7022   0.0491     0.5982 -  0.7888
p9              1 unit1           :  0.7022   0.0491     0.5982 -  0.7888
p10             1 unit1           :  0.7022   0.0491     0.5982 -  0.7888
p11             1 unit1           :  0.7022   0.0491     0.5982 -  0.7888
p12             1 unit1           :  0.7022   0.0491     0.5982 -  0.7888
p13             1 unit1           :  0.7022   0.0491     0.5982 -  0.7888
p14             1 unit1           :  0.7022   0.0491     0.5982 -  0.7888
p15             1 unit1           :  0.7022   0.0491     0.5982 -  0.7888
p16             1 unit1           :  0.7022   0.0491     0.5982 -  0.7888
p17             1 unit1           :  0.7022   0.0491     0.5982 -  0.7888
p18             1 unit1           :  0.7022   0.0491     0.5982 -  0.7888
p19             1 unit1           :  0.7022   0.0491     0.5982 -  0.7888

============================================================


 DERIVED parameter - Psi-conditional = [Pr(occ | detection history)]

        Site                     psi-cond  Std.err     95% conf. interval
psi-cond     1    unit1        :   1.0000  0.0000     1.0000 - 1.0000 
psi-cond     2    unit2        :   1.0000  0.0000     1.0000 - 1.0000 
psi-cond     3    unit3        :   1.0000  0.0000     1.0000 - 1.0000 
psi-cond     4    unit4        :   0.2003  0.0650     0.1015 - 0.3569 
psi-cond     5    unit5        :   1.0000  0.0000     1.0000 - 1.0000 
psi-cond     6    unit6        :   0.0694  0.0344     0.0256 - 0.1750 
psi-cond     7    unit7        :   1.0000  0.0000     1.0000 - 1.0000 
psi-cond     8    unit8        :   0.0694  0.0344     0.0256 - 0.1750 
psi-cond     9    unit9        :   0.4539  0.1128     0.2541 - 0.6699 
psi-cond    10   unit10        :   0.4539  0.1128     0.2541 - 0.6699 
psi-cond    11   unit11        :   0.4539  0.1128     0.2541 - 0.6699 
psi-cond    12   unit12        :   1.0000  0.0000     1.0000 - 1.0000 
psi-cond    13   unit13        :   0.4539  0.1128     0.2541 - 0.6699 
psi-cond    14   unit14        :   0.1985  0.0953     0.0711 - 0.4447 
psi-cond    15   unit15        :   1.0000  0.0000     1.0000 - 1.0000 
psi-cond    16   unit16        :   0.4539  0.1128     0.2541 - 0.6699 
psi-cond    17   unit17        :   0.4539  0.1128     0.2541 - 0.6699 
psi-cond    18   unit18        :   1.0000  0.0000     1.0000 - 1.0000 
psi-cond    19   unit19        :   1.0000  0.0000     1.0000 - 1.0000 
psi-cond    20   unit20        :   1.0000  0.0000     1.0000 - 1.0000 
psi-cond    21   unit21        :   1.0000  0.0000     1.0000 - 1.0000 
psi-cond    22   unit22        :   0.4539  0.1128     0.2541 - 0.6699 
psi-cond    23   unit23        :   0.4539  0.1128     0.2541 - 0.6699 
psi-cond    24   unit24        :   1.0000  0.0000     1.0000 - 1.0000 
psi-cond    25   unit25        :   1.0000  0.0000     1.0000 - 1.0000 
psi-cond    26   unit26        :   1.0000  0.0000     1.0000 - 1.0000 
psi-cond    27   unit27        :   1.0000  0.0000     1.0000 - 1.0000 
psi-cond    28   unit28        :   0.4539  0.1128     0.2541 - 0.6699 
psi-cond    29   unit29        :   0.2003  0.0650     0.1015 - 0.3569 
psi-cond    30   unit30        :   1.0000  0.0000     1.0000 - 1.0000 
psi-cond    31   unit31        :   0.2003  0.0650     0.1015 - 0.3569 
psi-cond    32   unit32        :   1.0000  0.0000     1.0000 - 1.0000 
psi-cond    33   unit33        :   0.2003  0.0650     0.1015 - 0.3569 
psi-cond    34   unit34        :   0.2003  0.0650     0.1015 - 0.3569 
psi-cond    35   unit35        :   0.2003  0.0650     0.1015 - 0.3569 
psi-cond    36   unit36        :   0.2003  0.0650     0.1015 - 0.3569 
psi-cond    37   unit37        :   0.4539  0.1128     0.2541 - 0.6699 
psi-cond    38   unit38        :   1.0000  0.0000     1.0000 - 1.0000 
psi-cond    39   unit39        :   1.0000  0.0000     1.0000 - 1.0000 
psi-cond    40   unit40        :   1.0000  0.0000     1.0000 - 1.0000 
psi-cond    41   unit41        :   1.0000  0.0000     1.0000 - 1.0000 
psi-cond    42   unit42        :   0.2003  0.0650     0.1015 - 0.3569 
psi-cond    43   unit43        :   0.2003  0.0650     0.1015 - 0.3569 
psi-cond    44   unit44        :   0.4539  0.1128     0.2541 - 0.6699 
psi-cond    45   unit45        :   1.0000  0.0000     1.0000 - 1.0000 
psi-cond    46   unit46        :   1.0000  0.0000     1.0000 - 1.0000 
psi-cond    47   unit47        :   1.0000  0.0000     1.0000 - 1.0000 
psi-cond    48   unit48        :   1.0000  0.0000     1.0000 - 1.0000 
psi-cond    49   unit49        :   0.4539  0.1128     0.2541 - 0.6699 
psi-cond    50   unit50        :   0.2003  0.0650     0.1015 - 0.3569 
psi-cond    51   unit51        :   0.4539  0.1128     0.2541 - 0.6699 
psi-cond    52   unit52        :   1.0000  0.0000     1.0000 - 1.0000 
psi-cond    53   unit53        :   0.4539  0.1128     0.2541 - 0.6699 
psi-cond    54   unit54        :   1.0000  0.0000     1.0000 - 1.0000 
psi-cond    55   unit55        :   1.0000  0.0000     1.0000 - 1.0000 
psi-cond    56   unit56        :   1.0000  0.0000     1.0000 - 1.0000 
psi-cond    57   unit57        :   1.0000  0.0000     1.0000 - 1.0000 
psi-cond    58   unit58        :   0.2003  0.0650     0.1015 - 0.3569 
psi-cond    59   unit59        :   0.4539  0.1128     0.2541 - 0.6699 
psi-cond    60   unit60        :   1.0000  0.0000     1.0000 - 1.0000 
psi-cond    61   unit61        :   1.0000  0.0000     1.0000 - 1.0000 
psi-cond    62   unit62        :   1.0000  0.0000     1.0000 - 1.0000 
psi-cond    63   unit63        :   1.0000  0.0000     1.0000 - 1.0000 
psi-cond    64   unit64        :   1.0000  0.0000     1.0000 - 1.0000 
psi-cond    65   unit65        :   0.2003  0.0650     0.1015 - 0.3569 
psi-cond    66   unit66        :   0.2003  0.0650     0.1015 - 0.3569 
psi-cond    67   unit67        :   1.0000  0.0000     1.0000 - 1.0000 
psi-cond    68   unit68        :   1.0000  0.0000     1.0000 - 1.0000 
psi-cond    69   unit69        :   1.0000  0.0000     1.0000 - 1.0000 
psi-cond    70   unit70        :   0.4539  0.1128     0.2541 - 0.6699 
psi-cond    71   unit71        :   1.0000  0.0000     1.0000 - 1.0000 
psi-cond    72   unit72        :   0.4539  0.1128     0.2541 - 0.6699 
psi-cond    73   unit73        :   0.4539  0.1128     0.2541 - 0.6699 
psi-cond    74   unit74        :   1.0000  0.0000     1.0000 - 1.0000 
psi-cond    75   unit75        :   1.0000  0.0000     1.0000 - 1.0000 
psi-cond    76   unit76        :   1.0000  0.0000     1.0000 - 1.0000 
psi-cond    77   unit77        :   1.0000  0.0000     1.0000 - 1.0000 
psi-cond    78   unit78        :   1.0000  0.0000     1.0000 - 1.0000 
psi-cond    79   unit79        :   1.0000  0.0000     1.0000 - 1.0000 
psi-cond    80   unit80        :   0.4539  0.1128     0.2541 - 0.6699 
psi-cond    81   unit81        :   1.0000  0.0000     1.0000 - 1.0000 
psi-cond    82   unit82        :   1.0000  0.0000     1.0000 - 1.0000 
psi-cond    83   unit83        :   1.0000  0.0000     1.0000 - 1.0000 
psi-cond    84   unit84        :   1.0000  0.0000     1.0000 - 1.0000 
psi-cond    85   unit85        :   0.4539  0.1128     0.2541 - 0.6699 
psi-cond    86   unit86        :   1.0000  0.0000     1.0000 - 1.0000 
psi-cond    87   unit87        :   1.0000  0.0000     1.0000 - 1.0000 
psi-cond    88   unit88        :   1.0000  0.0000     1.0000 - 1.0000 
psi-cond    89   unit89        :   1.0000  0.0000     1.0000 - 1.0000 
psi-cond    90   unit90        :   0.0694  0.0344     0.0256 - 0.1750 
psi-cond    91   unit91        :   0.0694  0.0344     0.0256 - 0.1750 
psi-cond    92   unit92        :   0.1985  0.0953     0.0711 - 0.4447 
psi-cond    93   unit93        :   0.1985  0.0953     0.0711 - 0.4447 
psi-cond    94   unit94        :   0.1985  0.0953     0.0711 - 0.4447 
psi-cond    95   unit95        :   0.1985  0.0953     0.0711 - 0.4447 
psi-cond    96   unit96        :   0.1985  0.0953     0.0711 - 0.4447 
psi-cond    97   unit97        :   0.2003  0.0650     0.1015 - 0.3569 
psi-cond    98   unit98        :   0.4539  0.1128     0.2541 - 0.6699 
psi-cond    99   unit99        :   1.0000  0.0000     1.0000 - 1.0000 
psi-cond   100  unit100        :   0.2003  0.0650     0.1015 - 0.3569 
psi-cond   101  unit101        :   0.4539  0.1128     0.2541 - 0.6699 
psi-cond   102  unit102        :   0.2003  0.0650     0.1015 - 0.3569 
psi-cond   103  unit103        :   0.4539  0.1128     0.2541 - 0.6699 
psi-cond   104  unit104        :   1.0000  0.0000     1.0000 - 1.0000 
psi-cond   105  unit105        :   1.0000  0.0000     1.0000 - 1.0000 
psi-cond   106  unit106        :   0.4539  0.1128     0.2541 - 0.6699 
psi-cond   107  unit107        :   1.0000  0.0000     1.0000 - 1.0000 
psi-cond   108  unit108        :   1.0000  0.0000     1.0000 - 1.0000 
psi-cond   109  unit109        :   1.0000  0.0000     1.0000 - 1.0000 
psi-cond   110  unit110        :   1.0000  0.0000     1.0000 - 1.0000 
psi-cond   111  unit111        :   0.4539  0.1128     0.2541 - 0.6699 
psi-cond   112  unit112        :   1.0000  0.0000     1.0000 - 1.0000 
psi-cond   113  unit113        :   0.4539  0.1128     0.2541 - 0.6699 
psi-cond   114  unit114        :   0.4539  0.1128     0.2541 - 0.6699 
psi-cond   115  unit115        :   0.2003  0.0650     0.1015 - 0.3569 
psi-cond   116  unit116        :   0.2003  0.0650     0.1015 - 0.3569 
psi-cond   117  unit117        :   0.2003  0.0650     0.1015 - 0.3569 
psi-cond   118  unit118        :   1.0000  0.0000     1.0000 - 1.0000 
psi-cond   119  unit119        :   1.0000  0.0000     1.0000 - 1.0000 
psi-cond   120  unit120        :   1.0000  0.0000     1.0000 - 1.0000 
psi-cond   121  unit121        :   1.0000  0.0000     1.0000 - 1.0000 
psi-cond   122  unit122        :   1.0000  0.0000     1.0000 - 1.0000 
psi-cond   123  unit123        :   0.2003  0.0650     0.1015 - 0.3569 
psi-cond   124  unit124        :   0.4539  0.1128     0.2541 - 0.6699 
psi-cond   125  unit125        :   0.2003  0.0650     0.1015 - 0.3569 
psi-cond   126  unit126        :   1.0000  0.0000     1.0000 - 1.0000 
psi-cond   127  unit127        :   1.0000  0.0000     1.0000 - 1.0000 
psi-cond   128  unit128        :   1.0000  0.0000     1.0000 - 1.0000 
psi-cond   129  unit129        :   0.4539  0.1128     0.2541 - 0.6699 
psi-cond   130  unit130        :   0.4539  0.1128     0.2541 - 0.6699 
psi-cond   131  unit131        :   0.4539  0.1128     0.2541 - 0.6699 
psi-cond   132  unit132        :   1.0000  0.0000     1.0000 - 1.0000 
psi-cond   133  unit133        :   1.0000  0.0000     1.0000 - 1.0000 
psi-cond   134  unit134        :   0.4539  0.1128     0.2541 - 0.6699 
psi-cond   135  unit135        :   0.4539  0.1128     0.2541 - 0.6699 
psi-cond   136  unit136        :   0.0694  0.0344     0.0256 - 0.1750 
psi-cond   137  unit137        :   0.4539  0.1128     0.2541 - 0.6699 
psi-cond   138  unit138        :   1.0000  0.0000     1.0000 - 1.0000 
psi-cond   139  unit139        :   1.0000  0.0000     1.0000 - 1.0000 
psi-cond   140  unit140        :   0.4539  0.1128     0.2541 - 0.6699 
psi-cond   141  unit141        :   1.0000  0.0000     1.0000 - 1.0000 
psi-cond   142  unit142        :   0.1985  0.0953     0.0711 - 0.4447 
psi-cond   143  unit143        :   0.4539  0.1128     0.2541 - 0.6699 
psi-cond   144  unit144        :   0.4539  0.1128     0.2541 - 0.6699 
psi-cond   145  unit145        :   0.4539  0.1128     0.2541 - 0.6699 
psi-cond   146  unit146        :   1.0000  0.0000     1.0000 - 1.0000 
psi-cond   147  unit147        :   0.4539  0.1128     0.2541 - 0.6699 
psi-cond   148  unit148        :   1.0000  0.0000     1.0000 - 1.0000 
psi-cond   149  unit149        :   1.0000  0.0000     1.0000 - 1.0000 
psi-cond   150  unit150        :   1.0000  0.0000     1.0000 - 1.0000 
psi-cond   151  unit151        :   1.0000  0.0000     1.0000 - 1.0000 
psi-cond   152  unit152        :   0.4539  0.1128     0.2541 - 0.6699 
psi-cond   153  unit153        :   1.0000  0.0000     1.0000 - 1.0000 
psi-cond   154  unit154        :   0.4539  0.1128     0.2541 - 0.6699 
psi-cond   155  unit155        :   1.0000  0.0000     1.0000 - 1.0000 
psi-cond   156  unit156        :   1.0000  0.0000     1.0000 - 1.0000 
psi-cond   157  unit157        :   0.4539  0.1128     0.2541 - 0.6699 
psi-cond   158  unit158        :   0.4539  0.1128     0.2541 - 0.6699 
psi-cond   159  unit159        :   0.2003  0.0650     0.1015 - 0.3569 
psi-cond   160  unit160        :   0.4539  0.1128     0.2541 - 0.6699 
psi-cond   161  unit161        :   0.2003  0.0650     0.1015 - 0.3569 
psi-cond   162  unit162        :   0.2003  0.0650     0.1015 - 0.3569 
psi-cond   163  unit163        :   0.1985  0.0953     0.0711 - 0.4447 
psi-cond   164  unit164        :   1.0000  0.0000     1.0000 - 1.0000 
psi-cond   165  unit165        :   0.1985  0.0953     0.0711 - 0.4447 
psi-cond   166  unit166        :   1.0000  0.0000     1.0000 - 1.0000 
psi-cond   167  unit167        :   0.4539  0.1128     0.2541 - 0.6699 
psi-cond   168  unit168        :   1.0000  0.0000     1.0000 - 1.0000 
psi-cond   169  unit169        :   1.0000  0.0000     1.0000 - 1.0000 
psi-cond   170  unit170        :   1.0000  0.0000     1.0000 - 1.0000 
psi-cond   171  unit171        :   1.0000  0.0000     1.0000 - 1.0000 
psi-cond   172  unit172        :   1.0000  0.0000     1.0000 - 1.0000 
psi-cond   173  unit173        :   0.4539  0.1128     0.2541 - 0.6699 
psi-cond   174  unit174        :   1.0000  0.0000     1.0000 - 1.0000 
psi-cond   175  unit175        :   1.0000  0.0000     1.0000 - 1.0000 
psi-cond   176  unit176        :   1.0000  0.0000     1.0000 - 1.0000 
psi-cond   177  unit177        :   1.0000  0.0000     1.0000 - 1.0000 
psi-cond   178  unit178        :   1.0000  0.0000     1.0000 - 1.0000 
psi-cond   179  unit179        :   1.0000  0.0000     1.0000 - 1.0000 
psi-cond   180  unit180        :   1.0000  0.0000     1.0000 - 1.0000 
psi-cond   181  unit181        :   0.4539  0.1128     0.2541 - 0.6699 
psi-cond   182  unit182        :   0.4539  0.1128     0.2541 - 0.6699 
psi-cond   183  unit183        :   0.4539  0.1128     0.2541 - 0.6699 
psi-cond   184  unit184        :   0.4539  0.1128     0.2541 - 0.6699 
psi-cond   185  unit185        :   0.2003  0.0650     0.1015 - 0.3569 
psi-cond   186  unit186        :   0.4539  0.1128     0.2541 - 0.6699 
psi-cond   187  unit187        :   0.4539  0.1128     0.2541 - 0.6699 
psi-cond   188  unit188        :   0.4539  0.1128     0.2541 - 0.6699 
psi-cond   189  unit189        :   1.0000  0.0000     1.0000 - 1.0000 
psi-cond   190  unit190        :   1.0000  0.0000     1.0000 - 1.0000 
psi-cond   191  unit191        :   1.0000  0.0000     1.0000 - 1.0000 
psi-cond   192  unit192        :   0.2003  0.0650     0.1015 - 0.3569 
psi-cond   193  unit193        :   0.4539  0.1128     0.2541 - 0.6699 
psi-cond   194  unit194        :   0.2003  0.0650     0.1015 - 0.3569 
psi-cond   195  unit195        :   0.2003  0.0650     0.1015 - 0.3569 
psi-cond   196  unit196        :   1.0000  0.0000     1.0000 - 1.0000 
psi-cond   197  unit197        :   1.0000  0.0000     1.0000 - 1.0000 
psi-cond   198  unit198        :   1.0000  0.0000     1.0000 - 1.0000 
psi-cond   199  unit199        :   1.0000  0.0000     1.0000 - 1.0000 
psi-cond   200  unit200        :   1.0000  0.0000     1.0000 - 1.0000 
psi-cond   201  unit201        :   0.1985  0.0953     0.0711 - 0.4447 
psi-cond   202  unit202        :   0.4539  0.1128     0.2541 - 0.6699 
psi-cond   203  unit203        :   0.2003  0.0650     0.1015 - 0.3569 
psi-cond   204  unit204        :   1.0000  0.0000     1.0000 - 1.0000 
psi-cond   205  unit205        :   0.2003  0.0650     0.1015 - 0.3569 
psi-cond   206  unit206        :   0.2003  0.0650     0.1015 - 0.3569 
psi-cond   207  unit207        :   0.2003  0.0650     0.1015 - 0.3569 
psi-cond   208  unit208        :   1.0000  0.0000     1.0000 - 1.0000 
psi-cond   209  unit209        :   0.2003  0.0650     0.1015 - 0.3569 
psi-cond   210  unit210        :   1.0000  0.0000     1.0000 - 1.0000 
psi-cond   211  unit211        :   0.2003  0.0650     0.1015 - 0.3569 
psi-cond   212  unit212        :   0.2003  0.0650     0.1015 - 0.3569 
psi-cond   213  unit213        :   1.0000  0.0000     1.0000 - 1.0000 
psi-cond   214  unit214        :   0.2003  0.0650     0.1015 - 0.3569 
psi-cond   215  unit215        :   0.2003  0.0650     0.1015 - 0.3569 
psi-cond   216  unit216        :   0.4539  0.1128     0.2541 - 0.6699 
psi-cond   217  unit217        :   1.0000  0.0000     1.0000 - 1.0000 
psi-cond   218  unit218        :   0.4539  0.1128     0.2541 - 0.6699 
psi-cond   219  unit219        :   0.4539  0.1128     0.2541 - 0.6699 
psi-cond   220  unit220        :   0.4539  0.1128     0.2541 - 0.6699 
psi-cond   221  unit221        :   0.4539  0.1128     0.2541 - 0.6699 
psi-cond   222  unit222        :   0.0694  0.0344     0.0256 - 0.1750 
psi-cond   223  unit223        :   0.1985  0.0953     0.0711 - 0.4447 
psi-cond   224  unit224        :   1.0000  0.0000     1.0000 - 1.0000 
psi-cond   225  unit225        :   1.0000  0.0000     1.0000 - 1.0000 
psi-cond   226  unit226        :   0.4539  0.1128     0.2541 - 0.6699 
psi-cond   227  unit227        :   1.0000  0.0000     1.0000 - 1.0000 
psi-cond   228  unit228        :   1.0000  0.0000     1.0000 - 1.0000 
psi-cond   229  unit229        :   1.0000  0.0000     1.0000 - 1.0000 
psi-cond   230  unit230        :   1.0000  0.0000     1.0000 - 1.0000 
psi-cond   231  unit231        :   0.1985  0.0953     0.0711 - 0.4447 
psi-cond   232  unit232        :   0.1985  0.0953     0.0711 - 0.4447 
psi-cond   233  unit233        :   1.0000  0.0000     1.0000 - 1.0000 
psi-cond   234  unit234        :   1.0000  0.0000     1.0000 - 1.0000 
psi-cond   235  unit235        :   0.4539  0.1128     0.2541 - 0.6699 
psi-cond   236  unit236        :   0.2003  0.0650     0.1015 - 0.3569 
psi-cond   237  unit237        :   0.2003  0.0650     0.1015 - 0.3569 
psi-cond   238  unit238        :   1.0000  0.0000     1.0000 - 1.0000 
psi-cond   239  unit239        :   1.0000  0.0000     1.0000 - 1.0000 
psi-cond   240  unit240        :   0.2003  0.0650     0.1015 - 0.3569 
psi-cond   241  unit241        :   1.0000  0.0000     1.0000 - 1.0000 
psi-cond   242  unit242        :   1.0000  0.0000     1.0000 - 1.0000 
psi-cond   243  unit243        :   0.4539  0.1128     0.2541 - 0.6699 
psi-cond   244  unit244        :   0.2003  0.0650     0.1015 - 0.3569 
psi-cond   245  unit245        :   0.2003  0.0650     0.1015 - 0.3569 
psi-cond   246  unit246        :   0.2003  0.0650     0.1015 - 0.3569 
psi-cond   247  unit247        :   0.2003  0.0650     0.1015 - 0.3569 
psi-cond   248  unit248        :   0.2003  0.0650     0.1015 - 0.3569 
psi-cond   249  unit249        :   0.2003  0.0650     0.1015 - 0.3569 
psi-cond   250  unit250        :   0.4539  0.1128     0.2541 - 0.6699 
psi-cond   251  unit251        :   1.0000  0.0000     0.0000 - 0.0000 
psi-cond   252  unit252        :   1.0000  0.0000     0.0000 - 0.0000 

CPU time= 1 seconds (0.02 min)


PRESENCE - Presence/Absence-Site Occupancy data analysis
Mon Nov 02 10:46:56 2020,       Version 2.13.6.
- - - - - - - - - - - - - - - - - - - - - - - - - - - - -
